[01Mar2025 12:47:54.333] [main/INFO] [Arclight/]: 

       ___           ___     __   /\
      /   | ________/ (_)__ / /  / /
     / /| |/ __/ __/ / / _ / _ \/__/
    / ___ / / / /_/ / / / / // / /
   /_/  |/_/  \__/_/_/\_ /_//_/ /
                     /__/     \/

    运行版本 arclight-1.16.5-1.0.24-551ec3ff
    构建日期 2022-10-04 04:20:42

[01Mar2025 12:47:54.432] [main/INFO] [cpw.mods.modlauncher.Launcher/MODLAUNCHER]: ModLauncher running: args [--gameDir, ., --launchTarget, fmlserver, --fml.forgeVersion, 36.2.39, --fml.mcpVersion, 20210115.111550, --fml.mcVersion, 1.16.5, --fml.forgeGroup, net.minecraftforge, nogui]
[01Mar2025 12:47:54.434] [main/INFO] [cpw.mods.modlauncher.Launcher/MODLAUNCHER]: ModLauncher 8.1.3+8.1.3+main-8.1.x.c94d18ec starting: java version 21.0.5 by Ubuntu
[01Mar2025 12:47:54.806] [main/INFO] [net.minecraftforge.fml.loading.FixSSL/CORE]: Added Lets Encrypt root certificates as additional trust
[01Mar2025 12:47:54.879] [main/INFO] [mixin/]: SpongePowered MIXIN Subsystem Version=0.8.4 Source=file:/workspaces/Cosa/servidor_minecraft/libraries/org/spongepowered/mixin/0.8.4/mixin-0.8.4.jar Service=ModLauncher Env=SERVER
[01Mar2025 12:47:56.351] [main/INFO] [mixin/]: Successfully loaded Mixin Connector [io.izzel.arclight.impl.ArclightConnector_Forge]
[01Mar2025 12:47:56.440] [main/INFO] [Arclight/]: 核心 Mixin 配置已加载
[01Mar2025 12:47:56.450] [main/INFO] [Arclight/]: 服务端优化 Mixin 配置已加载
[01Mar2025 12:47:56.456] [main/INFO] [cpw.mods.modlauncher.LaunchServiceHandler/MODLAUNCHER]: Launching target 'fmlserver' with arguments [--gameDir, ., nogui]
[01Mar2025 12:47:59.110] [main/WARN] [mixin/]: Error loading class: java/lang/invoke/MethodHandles$Lookup (java.lang.IllegalArgumentException: Class file major version 65 is not supported by active ASM (version 9.0 supports class version 61), reading java.lang.invoke.MethodHandles$Lookup)
[01Mar2025 12:47:59.118] [main/WARN] [mixin/]: Error loading class: java/lang/invoke/MethodHandles$Lookup (java.lang.IllegalArgumentException: Class file major version 65 is not supported by active ASM (version 9.0 supports class version 61), reading java.lang.invoke.MethodHandles$Lookup)
[01Mar2025 12:47:59.219] [main/WARN] [mixin/]: Error loading class: java/util/Map$Entry (java.lang.IllegalArgumentException: Class file major version 65 is not supported by active ASM (version 9.0 supports class version 61), reading java.util.Map$Entry)
[01Mar2025 12:47:59.220] [main/WARN] [mixin/]: Error loading class: java/lang/invoke/MethodHandles$Lookup (java.lang.IllegalArgumentException: Class file major version 65 is not supported by active ASM (version 9.0 supports class version 61), reading java.lang.invoke.MethodHandles$Lookup)
[01Mar2025 12:47:59.229] [main/WARN] [mixin/]: Error loading class: java/lang/invoke/MethodHandles$Lookup (java.lang.IllegalArgumentException: Class file major version 65 is not supported by active ASM (version 9.0 supports class version 61), reading java.lang.invoke.MethodHandles$Lookup)
[01Mar2025 12:47:59.236] [main/WARN] [mixin/]: Error loading class: java/util/Map$Entry (java.lang.IllegalArgumentException: Class file major version 65 is not supported by active ASM (version 9.0 supports class version 61), reading java.util.Map$Entry)
[01Mar2025 12:47:59.239] [main/WARN] [mixin/]: Error loading class: java/lang/invoke/MethodHandles$Lookup (java.lang.IllegalArgumentException: Class file major version 65 is not supported by active ASM (version 9.0 supports class version 61), reading java.lang.invoke.MethodHandles$Lookup)
[01Mar2025 12:47:59.244] [main/WARN] [mixin/]: Error loading class: java/lang/invoke/MethodHandles$Lookup (java.lang.IllegalArgumentException: Class file major version 65 is not supported by active ASM (version 9.0 supports class version 61), reading java.lang.invoke.MethodHandles$Lookup)
[01Mar2025 12:47:59.259] [main/WARN] [mixin/]: Error loading class: java/lang/invoke/MethodHandles$Lookup (java.lang.IllegalArgumentException: Class file major version 65 is not supported by active ASM (version 9.0 supports class version 61), reading java.lang.invoke.MethodHandles$Lookup)
[01Mar2025 12:47:59.261] [main/WARN] [mixin/]: Error loading class: java/util/Map$Entry (java.lang.IllegalArgumentException: Class file major version 65 is not supported by active ASM (version 9.0 supports class version 61), reading java.util.Map$Entry)
[01Mar2025 12:47:59.283] [main/WARN] [mixin/]: Error loading class: java/lang/invoke/MethodHandles$Lookup (java.lang.IllegalArgumentException: Class file major version 65 is not supported by active ASM (version 9.0 supports class version 61), reading java.lang.invoke.MethodHandles$Lookup)
[01Mar2025 12:47:59.289] [main/WARN] [mixin/]: Error loading class: java/lang/invoke/MethodHandles$Lookup (java.lang.IllegalArgumentException: Class file major version 65 is not supported by active ASM (version 9.0 supports class version 61), reading java.lang.invoke.MethodHandles$Lookup)
[01Mar2025 12:47:59.293] [main/WARN] [mixin/]: Error loading class: java/lang/invoke/MethodHandles$Lookup (java.lang.IllegalArgumentException: Class file major version 65 is not supported by active ASM (version 9.0 supports class version 61), reading java.lang.invoke.MethodHandles$Lookup)
[01Mar2025 12:47:59.297] [main/WARN] [mixin/]: Error loading class: java/util/Map$Entry (java.lang.IllegalArgumentException: Class file major version 65 is not supported by active ASM (version 9.0 supports class version 61), reading java.util.Map$Entry)
[01Mar2025 12:47:59.298] [main/WARN] [mixin/]: Error loading class: java/lang/invoke/MethodHandles$Lookup (java.lang.IllegalArgumentException: Class file major version 65 is not supported by active ASM (version 9.0 supports class version 61), reading java.lang.invoke.MethodHandles$Lookup)
[01Mar2025 12:47:59.299] [main/WARN] [mixin/]: Error loading class: java/util/Map$Entry (java.lang.IllegalArgumentException: Class file major version 65 is not supported by active ASM (version 9.0 supports class version 61), reading java.util.Map$Entry)
[01Mar2025 12:47:59.300] [main/WARN] [mixin/]: Error loading class: java/lang/invoke/MethodHandles$Lookup (java.lang.IllegalArgumentException: Class file major version 65 is not supported by active ASM (version 9.0 supports class version 61), reading java.lang.invoke.MethodHandles$Lookup)
[01Mar2025 12:47:59.305] [main/WARN] [mixin/]: Error loading class: java/lang/invoke/MethodHandles$Lookup (java.lang.IllegalArgumentException: Class file major version 65 is not supported by active ASM (version 9.0 supports class version 61), reading java.lang.invoke.MethodHandles$Lookup)
[01Mar2025 12:47:59.307] [main/WARN] [mixin/]: Error loading class: java/lang/invoke/MethodHandles$Lookup (java.lang.IllegalArgumentException: Class file major version 65 is not supported by active ASM (version 9.0 supports class version 61), reading java.lang.invoke.MethodHandles$Lookup)
[01Mar2025 12:47:59.307] [main/WARN] [mixin/]: Error loading class: java/lang/invoke/MethodHandles$Lookup (java.lang.IllegalArgumentException: Class file major version 65 is not supported by active ASM (version 9.0 supports class version 61), reading java.lang.invoke.MethodHandles$Lookup)
[01Mar2025 12:47:59.308] [main/WARN] [mixin/]: Error loading class: java/lang/invoke/MethodHandles$Lookup (java.lang.IllegalArgumentException: Class file major version 65 is not supported by active ASM (version 9.0 supports class version 61), reading java.lang.invoke.MethodHandles$Lookup)
[01Mar2025 12:47:59.309] [main/WARN] [mixin/]: Error loading class: java/util/Map$Entry (java.lang.IllegalArgumentException: Class file major version 65 is not supported by active ASM (version 9.0 supports class version 61), reading java.util.Map$Entry)
[01Mar2025 12:47:59.309] [main/WARN] [mixin/]: Error loading class: java/lang/invoke/MethodHandles$Lookup (java.lang.IllegalArgumentException: Class file major version 65 is not supported by active ASM (version 9.0 supports class version 61), reading java.lang.invoke.MethodHandles$Lookup)
[01Mar2025 12:47:59.311] [main/WARN] [mixin/]: Error loading class: java/lang/invoke/MethodHandles$Lookup (java.lang.IllegalArgumentException: Class file major version 65 is not supported by active ASM (version 9.0 supports class version 61), reading java.lang.invoke.MethodHandles$Lookup)
[01Mar2025 12:47:59.311] [main/WARN] [mixin/]: Error loading class: java/lang/invoke/MethodHandles$Lookup (java.lang.IllegalArgumentException: Class file major version 65 is not supported by active ASM (version 9.0 supports class version 61), reading java.lang.invoke.MethodHandles$Lookup)
[01Mar2025 12:47:59.312] [main/WARN] [mixin/]: Error loading class: java/lang/invoke/MethodHandles$Lookup (java.lang.IllegalArgumentException: Class file major version 65 is not supported by active ASM (version 9.0 supports class version 61), reading java.lang.invoke.MethodHandles$Lookup)
[01Mar2025 12:47:59.313] [main/WARN] [mixin/]: Error loading class: java/util/Map$Entry (java.lang.IllegalArgumentException: Class file major version 65 is not supported by active ASM (version 9.0 supports class version 61), reading java.util.Map$Entry)
[01Mar2025 12:47:59.314] [main/WARN] [mixin/]: Error loading class: java/lang/invoke/MethodHandles$Lookup (java.lang.IllegalArgumentException: Class file major version 65 is not supported by active ASM (version 9.0 supports class version 61), reading java.lang.invoke.MethodHandles$Lookup)
[01Mar2025 12:47:59.318] [main/WARN] [mixin/]: Error loading class: java/lang/Thread$UncaughtExceptionHandler (java.lang.IllegalArgumentException: Class file major version 65 is not supported by active ASM (version 9.0 supports class version 61), reading java.lang.Thread$UncaughtExceptionHandler)
[01Mar2025 12:47:59.319] [main/WARN] [mixin/]: Error loading class: java/lang/invoke/MethodHandles$Lookup (java.lang.IllegalArgumentException: Class file major version 65 is not supported by active ASM (version 9.0 supports class version 61), reading java.lang.invoke.MethodHandles$Lookup)
[01Mar2025 12:47:59.332] [main/WARN] [mixin/]: Error loading class: java/lang/invoke/MethodHandles$Lookup (java.lang.IllegalArgumentException: Class file major version 65 is not supported by active ASM (version 9.0 supports class version 61), reading java.lang.invoke.MethodHandles$Lookup)
[01Mar2025 12:47:59.334] [main/WARN] [mixin/]: Error loading class: java/lang/invoke/MethodHandles$Lookup (java.lang.IllegalArgumentException: Class file major version 65 is not supported by active ASM (version 9.0 supports class version 61), reading java.lang.invoke.MethodHandles$Lookup)
[01Mar2025 12:47:59.336] [main/WARN] [mixin/]: Error loading class: java/lang/invoke/MethodHandles$Lookup (java.lang.IllegalArgumentException: Class file major version 65 is not supported by active ASM (version 9.0 supports class version 61), reading java.lang.invoke.MethodHandles$Lookup)
[01Mar2025 12:47:59.340] [main/WARN] [mixin/]: Error loading class: java/lang/invoke/MethodHandles$Lookup (java.lang.IllegalArgumentException: Class file major version 65 is not supported by active ASM (version 9.0 supports class version 61), reading java.lang.invoke.MethodHandles$Lookup)
[01Mar2025 12:47:59.344] [main/WARN] [mixin/]: Error loading class: java/lang/invoke/MethodHandles$Lookup (java.lang.IllegalArgumentException: Class file major version 65 is not supported by active ASM (version 9.0 supports class version 61), reading java.lang.invoke.MethodHandles$Lookup)
[01Mar2025 12:47:59.350] [main/WARN] [mixin/]: Error loading class: java/lang/invoke/MethodHandles$Lookup (java.lang.IllegalArgumentException: Class file major version 65 is not supported by active ASM (version 9.0 supports class version 61), reading java.lang.invoke.MethodHandles$Lookup)
[01Mar2025 12:47:59.351] [main/WARN] [mixin/]: Error loading class: java/lang/invoke/MethodHandles$Lookup (java.lang.IllegalArgumentException: Class file major version 65 is not supported by active ASM (version 9.0 supports class version 61), reading java.lang.invoke.MethodHandles$Lookup)
[01Mar2025 12:47:59.354] [main/WARN] [mixin/]: Error loading class: java/lang/invoke/MethodHandles$Lookup (java.lang.IllegalArgumentException: Class file major version 65 is not supported by active ASM (version 9.0 supports class version 61), reading java.lang.invoke.MethodHandles$Lookup)
[01Mar2025 12:47:59.358] [main/WARN] [mixin/]: Error loading class: java/lang/invoke/MethodHandles$Lookup (java.lang.IllegalArgumentException: Class file major version 65 is not supported by active ASM (version 9.0 supports class version 61), reading java.lang.invoke.MethodHandles$Lookup)
[01Mar2025 12:47:59.360] [main/WARN] [mixin/]: Error loading class: java/lang/invoke/MethodHandles$Lookup (java.lang.IllegalArgumentException: Class file major version 65 is not supported by active ASM (version 9.0 supports class version 61), reading java.lang.invoke.MethodHandles$Lookup)
[01Mar2025 12:47:59.367] [main/WARN] [mixin/]: Error loading class: java/lang/invoke/MethodHandles$Lookup (java.lang.IllegalArgumentException: Class file major version 65 is not supported by active ASM (version 9.0 supports class version 61), reading java.lang.invoke.MethodHandles$Lookup)
[01Mar2025 12:47:59.367] [main/WARN] [mixin/]: Error loading class: java/lang/invoke/MethodHandles$Lookup (java.lang.IllegalArgumentException: Class file major version 65 is not supported by active ASM (version 9.0 supports class version 61), reading java.lang.invoke.MethodHandles$Lookup)
[01Mar2025 12:47:59.370] [main/WARN] [mixin/]: Error loading class: java/lang/invoke/MethodHandles$Lookup (java.lang.IllegalArgumentException: Class file major version 65 is not supported by active ASM (version 9.0 supports class version 61), reading java.lang.invoke.MethodHandles$Lookup)
[01Mar2025 12:47:59.372] [main/WARN] [mixin/]: Error loading class: java/lang/invoke/MethodHandles$Lookup (java.lang.IllegalArgumentException: Class file major version 65 is not supported by active ASM (version 9.0 supports class version 61), reading java.lang.invoke.MethodHandles$Lookup)
[01Mar2025 12:47:59.374] [main/WARN] [mixin/]: Error loading class: java/lang/invoke/MethodHandles$Lookup (java.lang.IllegalArgumentException: Class file major version 65 is not supported by active ASM (version 9.0 supports class version 61), reading java.lang.invoke.MethodHandles$Lookup)
[01Mar2025 12:47:59.380] [main/WARN] [mixin/]: Error loading class: java/lang/invoke/MethodHandles$Lookup (java.lang.IllegalArgumentException: Class file major version 65 is not supported by active ASM (version 9.0 supports class version 61), reading java.lang.invoke.MethodHandles$Lookup)
[01Mar2025 12:47:59.381] [main/WARN] [mixin/]: Error loading class: java/lang/invoke/MethodHandles$Lookup (java.lang.IllegalArgumentException: Class file major version 65 is not supported by active ASM (version 9.0 supports class version 61), reading java.lang.invoke.MethodHandles$Lookup)
[01Mar2025 12:47:59.383] [main/WARN] [mixin/]: Error loading class: java/lang/invoke/MethodHandles$Lookup (java.lang.IllegalArgumentException: Class file major version 65 is not supported by active ASM (version 9.0 supports class version 61), reading java.lang.invoke.MethodHandles$Lookup)
[01Mar2025 12:47:59.385] [main/WARN] [mixin/]: Error loading class: java/lang/invoke/MethodHandles$Lookup (java.lang.IllegalArgumentException: Class file major version 65 is not supported by active ASM (version 9.0 supports class version 61), reading java.lang.invoke.MethodHandles$Lookup)
[01Mar2025 12:47:59.390] [main/WARN] [mixin/]: Error loading class: java/lang/invoke/MethodHandles$Lookup (java.lang.IllegalArgumentException: Class file major version 65 is not supported by active ASM (version 9.0 supports class version 61), reading java.lang.invoke.MethodHandles$Lookup)
[01Mar2025 12:47:59.393] [main/WARN] [mixin/]: Error loading class: java/lang/invoke/MethodHandles$Lookup (java.lang.IllegalArgumentException: Class file major version 65 is not supported by active ASM (version 9.0 supports class version 61), reading java.lang.invoke.MethodHandles$Lookup)
[01Mar2025 12:47:59.394] [main/WARN] [mixin/]: Error loading class: java/lang/invoke/MethodHandles$Lookup (java.lang.IllegalArgumentException: Class file major version 65 is not supported by active ASM (version 9.0 supports class version 61), reading java.lang.invoke.MethodHandles$Lookup)
[01Mar2025 12:47:59.395] [main/WARN] [mixin/]: Error loading class: java/lang/invoke/MethodHandles$Lookup (java.lang.IllegalArgumentException: Class file major version 65 is not supported by active ASM (version 9.0 supports class version 61), reading java.lang.invoke.MethodHandles$Lookup)
[01Mar2025 12:47:59.396] [main/WARN] [mixin/]: Error loading class: java/lang/invoke/MethodHandles$Lookup (java.lang.IllegalArgumentException: Class file major version 65 is not supported by active ASM (version 9.0 supports class version 61), reading java.lang.invoke.MethodHandles$Lookup)
[01Mar2025 12:47:59.396] [main/WARN] [mixin/]: Error loading class: java/util/Map$Entry (java.lang.IllegalArgumentException: Class file major version 65 is not supported by active ASM (version 9.0 supports class version 61), reading java.util.Map$Entry)
[01Mar2025 12:47:59.397] [main/WARN] [mixin/]: Error loading class: java/util/Map$Entry (java.lang.IllegalArgumentException: Class file major version 65 is not supported by active ASM (version 9.0 supports class version 61), reading java.util.Map$Entry)
[01Mar2025 12:47:59.398] [main/WARN] [mixin/]: Error loading class: java/lang/invoke/MethodHandles$Lookup (java.lang.IllegalArgumentException: Class file major version 65 is not supported by active ASM (version 9.0 supports class version 61), reading java.lang.invoke.MethodHandles$Lookup)
[01Mar2025 12:47:59.398] [main/WARN] [mixin/]: Error loading class: java/lang/invoke/MethodHandles$Lookup (java.lang.IllegalArgumentException: Class file major version 65 is not supported by active ASM (version 9.0 supports class version 61), reading java.lang.invoke.MethodHandles$Lookup)
[01Mar2025 12:47:59.399] [main/WARN] [mixin/]: Error loading class: java/lang/invoke/MethodHandles$Lookup (java.lang.IllegalArgumentException: Class file major version 65 is not supported by active ASM (version 9.0 supports class version 61), reading java.lang.invoke.MethodHandles$Lookup)
[01Mar2025 12:47:59.400] [main/WARN] [mixin/]: Error loading class: java/util/Map$Entry (java.lang.IllegalArgumentException: Class file major version 65 is not supported by active ASM (version 9.0 supports class version 61), reading java.util.Map$Entry)
[01Mar2025 12:47:59.403] [main/WARN] [mixin/]: Error loading class: java/util/Map$Entry (java.lang.IllegalArgumentException: Class file major version 65 is not supported by active ASM (version 9.0 supports class version 61), reading java.util.Map$Entry)
[01Mar2025 12:47:59.404] [main/WARN] [mixin/]: Error loading class: java/lang/invoke/MethodHandles$Lookup (java.lang.IllegalArgumentException: Class file major version 65 is not supported by active ASM (version 9.0 supports class version 61), reading java.lang.invoke.MethodHandles$Lookup)
[01Mar2025 12:47:59.417] [main/WARN] [mixin/]: Error loading class: java/lang/AutoCloseable (java.lang.IllegalArgumentException: Class file major version 65 is not supported by active ASM (version 9.0 supports class version 61), reading java.lang.AutoCloseable)
[01Mar2025 12:47:59.467] [main/WARN] [mixin/]: Error loading class: java/util/concurrent/Executor (java.lang.IllegalArgumentException: Class file major version 65 is not supported by active ASM (version 9.0 supports class version 61), reading java.util.concurrent.Executor)
[01Mar2025 12:47:59.468] [main/WARN] [mixin/]: Error loading class: java/lang/AutoCloseable (java.lang.IllegalArgumentException: Class file major version 65 is not supported by active ASM (version 9.0 supports class version 61), reading java.lang.AutoCloseable)
[01Mar2025 12:47:59.544] [main/WARN] [mixin/]: Error loading class: java/lang/RuntimeException (java.lang.IllegalArgumentException: Class file major version 65 is not supported by active ASM (version 9.0 supports class version 61), reading java.lang.RuntimeException)
[01Mar2025 12:47:59.545] [main/INFO] [STDERR/]: [java.lang.ThreadGroup:uncaughtException:698]: org.spongepowered.asm.mixin.transformer.throwables.MixinTransformerError: An unexpected critical error was encountered
[01Mar2025 12:47:59.546] [main/INFO] [STDERR/]: [java.lang.ThreadGroup:uncaughtException:698]: 	at org.spongepowered.asm.mixin.transformer.MixinProcessor.applyMixins(MixinProcessor.java:392)
[01Mar2025 12:47:59.546] [main/INFO] [STDERR/]: [java.lang.ThreadGroup:uncaughtException:698]: 	at org.spongepowered.asm.mixin.transformer.MixinTransformer.transformClass(MixinTransformer.java:250)
[01Mar2025 12:47:59.546] [main/INFO] [STDERR/]: [java.lang.ThreadGroup:uncaughtException:698]: 	at org.spongepowered.asm.service.modlauncher.MixinTransformationHandler.processClass(MixinTransformationHandler.java:131)
[01Mar2025 12:47:59.546] [main/INFO] [STDERR/]: [java.lang.ThreadGroup:uncaughtException:698]: 	at org.spongepowered.asm.launch.MixinLaunchPluginLegacy.processClass(MixinLaunchPluginLegacy.java:131)
[01Mar2025 12:47:59.546] [main/INFO] [STDERR/]: [java.lang.ThreadGroup:uncaughtException:698]: 	at cpw.mods.modlauncher.serviceapi.ILaunchPluginService.processClassWithFlags(ILaunchPluginService.java:154)
[01Mar2025 12:47:59.547] [main/INFO] [STDERR/]: [java.lang.ThreadGroup:uncaughtException:698]: 	at cpw.mods.modlauncher.LaunchPluginHandler.offerClassNodeToPlugins(LaunchPluginHandler.java:85)
[01Mar2025 12:47:59.547] [main/INFO] [STDERR/]: [java.lang.ThreadGroup:uncaughtException:698]: 	at cpw.mods.modlauncher.ClassTransformer.transform(ClassTransformer.java:120)
[01Mar2025 12:47:59.547] [main/INFO] [STDERR/]: [java.lang.ThreadGroup:uncaughtException:698]: 	at cpw.mods.modlauncher.TransformingClassLoader$DelegatedClassLoader.findClass(TransformingClassLoader.java:265)
[01Mar2025 12:47:59.548] [main/INFO] [STDERR/]: [java.lang.ThreadGroup:uncaughtException:698]: 	at cpw.mods.modlauncher.TransformingClassLoader.loadClass(TransformingClassLoader.java:136)
[01Mar2025 12:47:59.548] [main/INFO] [STDERR/]: [java.lang.ThreadGroup:uncaughtException:698]: 	at cpw.mods.modlauncher.TransformingClassLoader.loadClass(TransformingClassLoader.java:98)
[01Mar2025 12:47:59.548] [main/INFO] [STDERR/]: [java.lang.ThreadGroup:uncaughtException:698]: 	at java.base/java.lang.ClassLoader.loadClass(ClassLoader.java:526)
[01Mar2025 12:47:59.548] [main/INFO] [STDERR/]: [java.lang.ThreadGroup:uncaughtException:698]: 	at java.base/java.lang.Class.getDeclaredMethods0(Native Method)
[01Mar2025 12:47:59.549] [main/INFO] [STDERR/]: [java.lang.ThreadGroup:uncaughtException:698]: 	at java.base/java.lang.Class.privateGetDeclaredMethods(Class.java:3578)
[01Mar2025 12:47:59.549] [main/INFO] [STDERR/]: [java.lang.ThreadGroup:uncaughtException:698]: 	at java.base/java.lang.Class.getMethodsRecursive(Class.java:3719)
[01Mar2025 12:47:59.549] [main/INFO] [STDERR/]: [java.lang.ThreadGroup:uncaughtException:698]: 	at java.base/java.lang.Class.getMethod0(Class.java:3705)
[01Mar2025 12:47:59.549] [main/INFO] [STDERR/]: [java.lang.ThreadGroup:uncaughtException:698]: 	at java.base/java.lang.Class.getMethod(Class.java:2393)
[01Mar2025 12:47:59.550] [main/INFO] [STDERR/]: [java.lang.ThreadGroup:uncaughtException:698]: 	at net.minecraftforge.fml.loading.FMLServerLaunchProvider.lambda$launchService$0(FMLServerLaunchProvider.java:37)
[01Mar2025 12:47:59.554] [main/INFO] [STDERR/]: [java.lang.ThreadGroup:uncaughtException:698]: 	at cpw.mods.modlauncher.LaunchServiceHandlerDecorator.launch(LaunchServiceHandlerDecorator.java:37)
[01Mar2025 12:47:59.555] [main/INFO] [STDERR/]: [java.lang.ThreadGroup:uncaughtException:698]: 	at cpw.mods.modlauncher.LaunchServiceHandler.launch(LaunchServiceHandler.java:54)
[01Mar2025 12:47:59.555] [main/INFO] [STDERR/]: [java.lang.ThreadGroup:uncaughtException:698]: 	at cpw.mods.modlauncher.LaunchServiceHandler.launch(LaunchServiceHandler.java:72)
[01Mar2025 12:47:59.556] [main/INFO] [STDERR/]: [java.lang.ThreadGroup:uncaughtException:698]: 	at cpw.mods.modlauncher.Launcher.run(Launcher.java:82)
[01Mar2025 12:47:59.556] [main/INFO] [STDERR/]: [java.lang.ThreadGroup:uncaughtException:698]: 	at cpw.mods.modlauncher.Launcher.main(Launcher.java:66)
[01Mar2025 12:47:59.556] [main/INFO] [STDERR/]: [java.lang.ThreadGroup:uncaughtException:698]: 	at net.minecraftforge.server.ServerMain$Runner.runLauncher(ServerMain.java:49)
[01Mar2025 12:47:59.556] [main/INFO] [STDERR/]: [java.lang.ThreadGroup:uncaughtException:698]: 	at net.minecraftforge.server.ServerMain$Runner.access$100(ServerMain.java:46)
[01Mar2025 12:47:59.557] [main/INFO] [STDERR/]: [java.lang.ThreadGroup:uncaughtException:698]: 	at net.minecraftforge.server.ServerMain.main(ServerMain.java:43)
[01Mar2025 12:47:59.557] [main/INFO] [STDERR/]: [java.lang.ThreadGroup:uncaughtException:698]: 	at io.izzel.arclight.common.ArclightMain.run(ArclightMain.java:50)
[01Mar2025 12:47:59.558] [main/INFO] [STDERR/]: [java.lang.ThreadGroup:uncaughtException:698]: 	at io.izzel.arclight.server.Main_Forge.main(Main_Forge.java:16)
[01Mar2025 12:47:59.558] [main/INFO] [STDERR/]: [java.lang.ThreadGroup:uncaughtException:698]: 	at io.izzel.arclight.server.Launcher.main(Launcher.java:16)
[01Mar2025 12:47:59.558] [main/INFO] [STDERR/]: [java.lang.Throwable:printStackTrace:660]: Caused by: org.spongepowered.asm.mixin.throwables.ClassMetadataNotFoundException: java.lang.RuntimeException
[01Mar2025 12:47:59.559] [main/INFO] [STDERR/]: [java.lang.Throwable:printStackTrace:660]: 	at org.spongepowered.asm.mixin.transformer.MixinPreProcessorStandard.transformMethod(MixinPreProcessorStandard.java:754)
[01Mar2025 12:47:59.559] [main/INFO] [STDERR/]: [java.lang.Throwable:printStackTrace:660]: 	at org.spongepowered.asm.mixin.transformer.MixinPreProcessorStandard.transform(MixinPreProcessorStandard.java:739)
[01Mar2025 12:47:59.559] [main/INFO] [STDERR/]: [java.lang.Throwable:printStackTrace:660]: 	at org.spongepowered.asm.mixin.transformer.MixinPreProcessorStandard.attach(MixinPreProcessorStandard.java:310)
[01Mar2025 12:47:59.560] [main/INFO] [STDERR/]: [java.lang.Throwable:printStackTrace:660]: 	at org.spongepowered.asm.mixin.transformer.MixinPreProcessorStandard.createContextFor(MixinPreProcessorStandard.java:280)
[01Mar2025 12:47:59.560] [main/INFO] [STDERR/]: [java.lang.Throwable:printStackTrace:660]: 	at org.spongepowered.asm.mixin.transformer.MixinInfo.createContextFor(MixinInfo.java:1288)
[01Mar2025 12:47:59.560] [main/INFO] [STDERR/]: [java.lang.Throwable:printStackTrace:660]: 	at org.spongepowered.asm.mixin.transformer.MixinApplicatorStandard.apply(MixinApplicatorStandard.java:292)
[01Mar2025 12:47:59.560] [main/INFO] [STDERR/]: [java.lang.Throwable:printStackTrace:660]: 	at org.spongepowered.asm.mixin.transformer.TargetClassContext.apply(TargetClassContext.java:383)
[01Mar2025 12:47:59.560] [main/INFO] [STDERR/]: [java.lang.Throwable:printStackTrace:660]: 	at org.spongepowered.asm.mixin.transformer.TargetClassContext.applyMixins(TargetClassContext.java:365)
[01Mar2025 12:47:59.561] [main/INFO] [STDERR/]: [java.lang.Throwable:printStackTrace:660]: 	at org.spongepowered.asm.mixin.transformer.MixinProcessor.applyMixins(MixinProcessor.java:363)
[01Mar2025 12:47:59.561] [main/INFO] [STDERR/]: [java.lang.Throwable:printStackTrace:660]: 	... 27 more
